Log Review Session Started: 2025-05-18T17:36:47.509884
Session Directory: logs/review_sessions/20250518_173647
Logs Directory: logs/raw

2025-05-18T17:36:54.166857: Marked turn 1 in GRD-C37S-SYS00-USR01-2025-05-18-1125-9791D9.json as reviewed
2025-05-18T17:37:15.776785: Marked turn 2 in GRD-C37S-SYS00-USR01-2025-05-18-1125-9791D9.json as reviewed
2025-05-18T17:37:18.936765: Marked turn 3 in GRD-C37S-SYS00-USR01-2025-05-18-1125-9791D9.json as reviewed
2025-05-18T17:37:23.048587: Marked turn 4 in GRD-C37S-SYS00-USR01-2025-05-18-1125-9791D9.json as reviewed
2025-05-18T17:37:24.960900: Marked turn 5 in GRD-C37S-SYS00-USR01-2025-05-18-1125-9791D9.json as reviewed
2025-05-18T17:37:29.968850: Marked turn 6 in GRD-C37S-SYS00-USR01-2025-05-18-1125-9791D9.json as reviewed
2025-05-18T17:37:38.089376: Marked turn 7 in GRD-C37S-SYS00-USR01-2025-05-18-1125-9791D9.json as reviewed
2025-05-18T17:37:40.393043: Marked turn 8 in GRD-C37S-SYS00-USR01-2025-05-18-1125-9791D9.json as reviewed
2025-05-18T17:37:42.289162: Marked turn 9 in GRD-C37S-SYS00-USR01-2025-05-18-1125-9791D9.json as reviewed
2025-05-18T17:37:49.705512: Marked turn 10 in GRD-C37S-SYS00-USR01-2025-05-18-1125-9791D9.json as reviewed
2025-05-18T17:37:49.706871: Saved updates to GRD-C37S-SYS00-USR01-2025-05-18-1125-9791D9.json
2025-05-18T17:37:52.705487: Marked turn 1 in GRD-C37S-SYS00-USR01-2025-05-18-1126-753E91.json as reviewed
2025-05-18T17:37:53.513250: Marked turn 2 in GRD-C37S-SYS00-USR01-2025-05-18-1126-753E91.json as reviewed
2025-05-18T17:37:56.481419: Marked turn 3 in GRD-C37S-SYS00-USR01-2025-05-18-1126-753E91.json as reviewed
2025-05-18T17:37:57.016736: Marked turn 4 in GRD-C37S-SYS00-USR01-2025-05-18-1126-753E91.json as reviewed
2025-05-18T17:37:57.616777: Marked turn 5 in GRD-C37S-SYS00-USR01-2025-05-18-1126-753E91.json as reviewed
2025-05-18T17:37:58.064260: Marked turn 6 in GRD-C37S-SYS00-USR01-2025-05-18-1126-753E91.json as reviewed
2025-05-18T17:38:06.609282: Marked turn 7 in GRD-C37S-SYS00-USR01-2025-05-18-1126-753E91.json as reviewed
2025-05-18T17:38:07.623840: Marked turn 8 in GRD-C37S-SYS00-USR01-2025-05-18-1126-753E91.json as reviewed
2025-05-18T17:38:09.256310: Marked turn 9 in GRD-C37S-SYS00-USR01-2025-05-18-1126-753E91.json as reviewed
2025-05-18T17:38:09.841132: Marked turn 10 in GRD-C37S-SYS00-USR01-2025-05-18-1126-753E91.json as reviewed
2025-05-18T17:38:09.842344: Saved updates to GRD-C37S-SYS00-USR01-2025-05-18-1126-753E91.json
2025-05-18T17:41:43.981217: Review session ended
