Log Review Session Started: 2025-05-18T17:21:12.952094
Session Directory: logs/review_sessions/20250518_172112
Logs Directory: logs/raw

2025-05-18T17:24:04.623196: Marked turn 2 in GRD-C37S-SYS00-USR01-2025-05-18-1121-F1A630.json as reviewed
2025-05-18T17:24:33.614986: Marked turn 3 in GRD-C37S-SYS00-USR01-2025-05-18-1121-F1A630.json as reviewed
2025-05-18T17:25:32.641075: Marked turn 5 in GRD-C37S-SYS00-USR01-2025-05-18-1121-F1A630.json as reviewed
2025-05-18T17:25:44.409300: Marked turn 6 in GRD-C37S-SYS00-USR01-2025-05-18-1121-F1A630.json as reviewed
2025-05-18T17:27:47.668152: Flagged turn 7 in GRD-C37S-SYS00-USR01-2025-05-18-1121-F1A630.json
2025-05-18T17:28:23.236121: Marked turn 8 in GRD-C37S-SYS00-USR01-2025-05-18-1121-F1A630.json as reviewed
2025-05-18T17:28:33.293078: Marked turn 9 in GRD-C37S-SYS00-USR01-2025-05-18-1121-F1A630.json as reviewed
2025-05-18T17:29:20.230159: Marked turn 10 in GRD-C37S-SYS00-USR01-2025-05-18-1121-F1A630.json as reviewed
2025-05-18T17:29:20.231558: Saved updates to GRD-C37S-SYS00-USR01-2025-05-18-1121-F1A630.json
2025-05-18T17:30:30.400265: Exported review summary to logs/review_sessions/20250518_172112/review_summary.json
2025-05-18T17:31:29.584958: Marked turn 1 in GRD-C37S-SYS00-USR01-2025-05-18-1121-F1A630.json as reviewed
2025-05-18T17:31:43.937471: Marked turn 4 in GRD-C37S-SYS00-USR01-2025-05-18-1121-F1A630.json as reviewed
2025-05-18T17:32:00.640736: Marked turn 7 in GRD-C37S-SYS00-USR01-2025-05-18-1121-F1A630.json as reviewed
2025-05-18T17:32:00.642054: Saved updates to GRD-C37S-SYS00-USR01-2025-05-18-1121-F1A630.json
2025-05-18T17:32:17.634127: Marked turn 1 in GRD-C37S-SYS00-USR01-2025-05-18-1122-163A56.json as reviewed
2025-05-18T17:32:20.338040: Marked turn 2 in GRD-C37S-SYS00-USR01-2025-05-18-1122-163A56.json as reviewed
2025-05-18T17:32:31.482579: Marked turn 3 in GRD-C37S-SYS00-USR01-2025-05-18-1122-163A56.json as reviewed
2025-05-18T17:33:04.699075: Marked turn 4 in GRD-C37S-SYS00-USR01-2025-05-18-1122-163A56.json as reviewed
2025-05-18T17:33:13.099175: Marked turn 5 in GRD-C37S-SYS00-USR01-2025-05-18-1122-163A56.json as reviewed
2025-05-18T17:33:17.923307: Marked turn 6 in GRD-C37S-SYS00-USR01-2025-05-18-1122-163A56.json as reviewed
2025-05-18T17:33:30.771900: Marked turn 7 in GRD-C37S-SYS00-USR01-2025-05-18-1122-163A56.json as reviewed
2025-05-18T17:33:34.371819: Marked turn 8 in GRD-C37S-SYS00-USR01-2025-05-18-1122-163A56.json as reviewed
2025-05-18T17:33:35.747716: Marked turn 9 in GRD-C37S-SYS00-USR01-2025-05-18-1122-163A56.json as reviewed
2025-05-18T17:33:37.883817: Marked turn 10 in GRD-C37S-SYS00-USR01-2025-05-18-1122-163A56.json as reviewed
2025-05-18T17:33:37.886309: Saved updates to GRD-C37S-SYS00-USR01-2025-05-18-1122-163A56.json
2025-05-18T17:33:54.884201: Marked turn 1 in GRD-C37S-SYS00-USR01-2025-05-18-1123-B64549.json as reviewed
2025-05-18T17:34:03.452418: Marked turn 2 in GRD-C37S-SYS00-USR01-2025-05-18-1123-B64549.json as reviewed
2025-05-18T17:34:06.340296: Marked turn 3 in GRD-C37S-SYS00-USR01-2025-05-18-1123-B64549.json as reviewed
2025-05-18T17:34:08.284423: Marked turn 4 in GRD-C37S-SYS00-USR01-2025-05-18-1123-B64549.json as reviewed
2025-05-18T17:34:16.195880: Marked turn 5 in GRD-C37S-SYS00-USR01-2025-05-18-1123-B64549.json as reviewed
2025-05-18T17:34:17.116476: Marked turn 6 in GRD-C37S-SYS00-USR01-2025-05-18-1123-B64549.json as reviewed
2025-05-18T17:34:18.092524: Marked turn 7 in GRD-C37S-SYS00-USR01-2025-05-18-1123-B64549.json as reviewed
2025-05-18T17:34:18.843874: Marked turn 8 in GRD-C37S-SYS00-USR01-2025-05-18-1123-B64549.json as reviewed
2025-05-18T17:34:19.532675: Marked turn 9 in GRD-C37S-SYS00-USR01-2025-05-18-1123-B64549.json as reviewed
2025-05-18T17:34:20.284648: Marked turn 10 in GRD-C37S-SYS00-USR01-2025-05-18-1123-B64549.json as reviewed
2025-05-18T17:34:20.286804: Saved updates to GRD-C37S-SYS00-USR01-2025-05-18-1123-B64549.json
2025-05-18T17:34:23.884756: Marked turn 1 in GRD-C37S-SYS00-USR01-2025-05-18-1124-2BBBE1.json as reviewed
2025-05-18T17:34:25.932849: Marked turn 2 in GRD-C37S-SYS00-USR01-2025-05-18-1124-2BBBE1.json as reviewed
2025-05-18T17:34:26.876741: Marked turn 3 in GRD-C37S-SYS00-USR01-2025-05-18-1124-2BBBE1.json as reviewed
2025-05-18T17:34:28.724868: Marked turn 4 in GRD-C37S-SYS00-USR01-2025-05-18-1124-2BBBE1.json as reviewed
2025-05-18T17:34:29.468862: Marked turn 5 in GRD-C37S-SYS00-USR01-2025-05-18-1124-2BBBE1.json as reviewed
2025-05-18T17:34:30.124881: Marked turn 6 in GRD-C37S-SYS00-USR01-2025-05-18-1124-2BBBE1.json as reviewed
2025-05-18T17:34:30.931056: Marked turn 7 in GRD-C37S-SYS00-USR01-2025-05-18-1124-2BBBE1.json as reviewed
2025-05-18T17:34:31.924973: Marked turn 8 in GRD-C37S-SYS00-USR01-2025-05-18-1124-2BBBE1.json as reviewed
2025-05-18T17:34:32.548872: Marked turn 9 in GRD-C37S-SYS00-USR01-2025-05-18-1124-2BBBE1.json as reviewed
2025-05-18T17:34:33.084998: Marked turn 10 in GRD-C37S-SYS00-USR01-2025-05-18-1124-2BBBE1.json as reviewed
2025-05-18T17:34:33.086256: Saved updates to GRD-C37S-SYS00-USR01-2025-05-18-1124-2BBBE1.json
2025-05-18T17:34:55.797931: Review session ended
