Log Review Session Started: 2025-05-18T19:03:04.317151
Session Directory: logs/review_sessions/20250518_190304
Logs Directory: logs/raw

2025-05-18T19:03:36.268744: Marked turn 3 in GRD-C37S-SYS00-USR01-2025-05-18-1127-35E2C5.json as reviewed
2025-05-18T19:03:38.716846: Marked turn 4 in GRD-C37S-SYS00-USR01-2025-05-18-1127-35E2C5.json as reviewed
2025-05-18T19:03:49.064708: Marked turn 6 in GRD-C37S-SYS00-USR01-2025-05-18-1127-35E2C5.json as reviewed
2025-05-18T19:03:49.073805: Auto-marked 5 safe turns as reviewed in GRD-C37S-SYS00-USR01-2025-05-18-1127-35E2C5.json during interactive session.
2025-05-18T19:03:49.074882: Saved updates to GRD-C37S-SYS00-USR01-2025-05-18-1127-35E2C5.json
2025-05-18T19:04:03.347997: Marked turn 1 in GRD-C37S-SYS00-USR01-2025-05-18-1128-851E5B.json as reviewed
2025-05-18T19:04:06.164327: Marked turn 3 in GRD-C37S-SYS00-USR01-2025-05-18-1128-851E5B.json as reviewed
2025-05-18T19:04:12.685125: Marked turn 6 in GRD-C37S-SYS00-USR01-2025-05-18-1128-851E5B.json as reviewed
2025-05-18T19:04:21.149779: Marked turn 7 in GRD-C37S-SYS00-USR01-2025-05-18-1128-851E5B.json as reviewed
2025-05-18T19:04:21.159155: Auto-marked 6 safe turns as reviewed in GRD-C37S-SYS00-USR01-2025-05-18-1128-851E5B.json during interactive session.
2025-05-18T19:04:21.160211: Saved updates to GRD-C37S-SYS00-USR01-2025-05-18-1128-851E5B.json
2025-05-18T19:17:18.871167: Marked turn 1 in GRD-C37S-SYS00-USR01-2025-05-18-1129-C9E657.json as reviewed
2025-05-18T19:17:20.207008: Marked turn 7 in GRD-C37S-SYS00-USR01-2025-05-18-1129-C9E657.json as reviewed
2025-05-18T19:17:20.214761: Auto-marked 8 safe turns as reviewed in GRD-C37S-SYS00-USR01-2025-05-18-1129-C9E657.json during interactive session.
2025-05-18T19:17:20.215606: Saved updates to GRD-C37S-SYS00-USR01-2025-05-18-1129-C9E657.json
2025-05-18T19:17:28.519322: Marked turn 1 in GRD-C37S-SYS00-USR01-2025-05-18-1130-EDAB5C.json as reviewed
2025-05-18T19:17:32.071140: Marked turn 2 in GRD-C37S-SYS00-USR01-2025-05-18-1130-EDAB5C.json as reviewed
2025-05-18T19:17:33.639201: Marked turn 7 in GRD-C37S-SYS00-USR01-2025-05-18-1130-EDAB5C.json as reviewed
2025-05-18T19:17:34.527479: Marked turn 10 in GRD-C37S-SYS00-USR01-2025-05-18-1130-EDAB5C.json as reviewed
2025-05-18T19:17:34.535343: Auto-marked 6 safe turns as reviewed in GRD-C37S-SYS00-USR01-2025-05-18-1130-EDAB5C.json during interactive session.
2025-05-18T19:17:34.536775: Saved updates to GRD-C37S-SYS00-USR01-2025-05-18-1130-EDAB5C.json
2025-05-18T19:17:38.960226: Marked turn 1 in GRD-C37S-SYS00-USR01-2025-05-18-1131-8256FC.json as reviewed
2025-05-18T19:17:45.760958: Marked turn 7 in GRD-C37S-SYS00-USR01-2025-05-18-1131-8256FC.json as reviewed
2025-05-18T19:17:45.771008: Auto-marked 8 safe turns as reviewed in GRD-C37S-SYS00-USR01-2025-05-18-1131-8256FC.json during interactive session.
2025-05-18T19:17:45.773028: Saved updates to GRD-C37S-SYS00-USR01-2025-05-18-1131-8256FC.json
2025-05-18T19:18:36.689114: Marked turn 1 in GRD-C37S-SYS00-USR01-2025-05-18-1132-971922.json as reviewed
2025-05-18T19:18:37.329431: Marked turn 2 in GRD-C37S-SYS00-USR01-2025-05-18-1132-971922.json as reviewed
2025-05-18T19:18:38.473100: Marked turn 4 in GRD-C37S-SYS00-USR01-2025-05-18-1132-971922.json as reviewed
2025-05-18T19:18:39.193355: Marked turn 7 in GRD-C37S-SYS00-USR01-2025-05-18-1132-971922.json as reviewed
2025-05-18T19:18:39.202776: Auto-marked 6 safe turns as reviewed in GRD-C37S-SYS00-USR01-2025-05-18-1132-971922.json during interactive session.
2025-05-18T19:18:39.204358: Saved updates to GRD-C37S-SYS00-USR01-2025-05-18-1132-971922.json
2025-05-18T19:18:44.984570: Marked turn 1 in GRD-C37S-SYS00-USR01-2025-05-18-1133-19129A.json as reviewed
2025-05-18T19:18:48.176971: Marked turn 2 in GRD-C37S-SYS00-USR01-2025-05-18-1133-19129A.json as reviewed
2025-05-18T19:18:48.593442: Marked turn 7 in GRD-C37S-SYS00-USR01-2025-05-18-1133-19129A.json as reviewed
2025-05-18T19:18:49.209000: Marked turn 8 in GRD-C37S-SYS00-USR01-2025-05-18-1133-19129A.json as reviewed
2025-05-18T19:18:49.217030: Auto-marked 6 safe turns as reviewed in GRD-C37S-SYS00-USR01-2025-05-18-1133-19129A.json during interactive session.
2025-05-18T19:18:49.218039: Saved updates to GRD-C37S-SYS00-USR01-2025-05-18-1133-19129A.json
2025-05-18T19:18:59.009157: Marked turn 1 in GRD-C37S-SYS00-USR01-2025-05-18-1134-876A0C.json as reviewed
2025-05-18T19:19:00.177632: Marked turn 2 in GRD-C37S-SYS00-USR01-2025-05-18-1134-876A0C.json as reviewed
2025-05-18T19:19:01.033914: Marked turn 4 in GRD-C37S-SYS00-USR01-2025-05-18-1134-876A0C.json as reviewed
2025-05-18T19:19:01.762971: Marked turn 7 in GRD-C37S-SYS00-USR01-2025-05-18-1134-876A0C.json as reviewed
2025-05-18T19:19:01.772618: Auto-marked 6 safe turns as reviewed in GRD-C37S-SYS00-USR01-2025-05-18-1134-876A0C.json during interactive session.
2025-05-18T19:19:01.773531: Saved updates to GRD-C37S-SYS00-USR01-2025-05-18-1134-876A0C.json
2025-05-18T19:19:17.171281: Marked turn 1 in GRD-C37S-SYS00-USR01-2025-05-18-1135-2105E5.json as reviewed
2025-05-18T19:19:22.394073: Marked turn 6 in GRD-C37S-SYS00-USR01-2025-05-18-1135-2105E5.json as reviewed
2025-05-18T19:19:31.650700: Marked turn 7 in GRD-C37S-SYS00-USR01-2025-05-18-1135-2105E5.json as reviewed
2025-05-18T19:19:31.660214: Auto-marked 7 safe turns as reviewed in GRD-C37S-SYS00-USR01-2025-05-18-1135-2105E5.json during interactive session.
2025-05-18T19:19:31.661155: Saved updates to GRD-C37S-SYS00-USR01-2025-05-18-1135-2105E5.json
2025-05-18T19:19:58.930818: Marked turn 1 in GRD-C37S-SYS00-USR01-2025-05-18-1136-46298A.json as reviewed
2025-05-18T19:20:01.410934: Marked turn 5 in GRD-C37S-SYS00-USR01-2025-05-18-1136-46298A.json as reviewed
2025-05-18T19:20:03.202809: Marked turn 6 in GRD-C37S-SYS00-USR01-2025-05-18-1136-46298A.json as reviewed
2025-05-18T19:20:04.315036: Marked turn 7 in GRD-C37S-SYS00-USR01-2025-05-18-1136-46298A.json as reviewed
2025-05-18T19:20:04.324488: Auto-marked 6 safe turns as reviewed in GRD-C37S-SYS00-USR01-2025-05-18-1136-46298A.json during interactive session.
2025-05-18T19:20:04.325986: Saved updates to GRD-C37S-SYS00-USR01-2025-05-18-1136-46298A.json
2025-05-18T19:20:12.899301: Marked turn 1 in GRD-C37S-SYS00-USR01-2025-05-18-1337-B3FD09.json as reviewed
2025-05-18T19:20:15.403201: Marked turn 2 in GRD-C37S-SYS00-USR01-2025-05-18-1337-B3FD09.json as reviewed
2025-05-18T19:20:16.563024: Marked turn 4 in GRD-C37S-SYS00-USR01-2025-05-18-1337-B3FD09.json as reviewed
2025-05-18T19:20:17.714561: Marked turn 7 in GRD-C37S-SYS00-USR01-2025-05-18-1337-B3FD09.json as reviewed
2025-05-18T19:20:18.747252: Marked turn 8 in GRD-C37S-SYS00-USR01-2025-05-18-1337-B3FD09.json as reviewed
2025-05-18T19:20:18.756586: Auto-marked 5 safe turns as reviewed in GRD-C37S-SYS00-USR01-2025-05-18-1337-B3FD09.json during interactive session.
2025-05-18T19:20:18.758356: Saved updates to GRD-C37S-SYS00-USR01-2025-05-18-1337-B3FD09.json
2025-05-18T19:20:48.459821: Flagged turn 1 in GRD-C37S-SYS01-USR01-2025-05-18-1121-82A1DF.json with note: curious about what's truncated
2025-05-18T19:20:57.124172: Marked turn 3 in GRD-C37S-SYS01-USR01-2025-05-18-1121-82A1DF.json as reviewed
2025-05-18T19:20:58.524200: Marked turn 4 in GRD-C37S-SYS01-USR01-2025-05-18-1121-82A1DF.json as reviewed
2025-05-18T19:20:59.308239: Marked turn 5 in GRD-C37S-SYS01-USR01-2025-05-18-1121-82A1DF.json as reviewed
2025-05-18T19:21:00.076232: Marked turn 6 in GRD-C37S-SYS01-USR01-2025-05-18-1121-82A1DF.json as reviewed
2025-05-18T19:21:00.916255: Marked turn 7 in GRD-C37S-SYS01-USR01-2025-05-18-1121-82A1DF.json as reviewed
2025-05-18T19:21:01.684247: Marked turn 8 in GRD-C37S-SYS01-USR01-2025-05-18-1121-82A1DF.json as reviewed
2025-05-18T19:21:42.989491: Flagged turn 9 in GRD-C37S-SYS01-USR01-2025-05-18-1121-82A1DF.json with note: interesting
2025-05-18T19:22:13.918237: Flagged turn 10 in GRD-C37S-SYS01-USR01-2025-05-18-1121-82A1DF.json with note: interesting
2025-05-18T19:22:13.927995: Auto-marked 1 safe turns as reviewed in GRD-C37S-SYS01-USR01-2025-05-18-1121-82A1DF.json during interactive session.
2025-05-18T19:22:13.930095: Saved updates to GRD-C37S-SYS01-USR01-2025-05-18-1121-82A1DF.json
2025-05-18T19:22:43.734621: Marked turn 1 in GRD-C37S-SYS01-USR01-2025-05-18-1122-F2551F.json as reviewed
2025-05-18T19:22:45.326668: Marked turn 2 in GRD-C37S-SYS01-USR01-2025-05-18-1122-F2551F.json as reviewed
2025-05-18T19:23:03.918956: Marked turn 3 in GRD-C37S-SYS01-USR01-2025-05-18-1122-F2551F.json as reviewed
2025-05-18T19:23:11.598969: Marked turn 4 in GRD-C37S-SYS01-USR01-2025-05-18-1122-F2551F.json as reviewed
2025-05-18T19:23:13.398887: Marked turn 5 in GRD-C37S-SYS01-USR01-2025-05-18-1122-F2551F.json as reviewed
2025-05-18T19:23:14.463105: Marked turn 6 in GRD-C37S-SYS01-USR01-2025-05-18-1122-F2551F.json as reviewed
2025-05-18T19:23:27.423503: Marked turn 7 in GRD-C37S-SYS01-USR01-2025-05-18-1122-F2551F.json as reviewed
2025-05-18T19:23:46.151843: Marked turn 8 in GRD-C37S-SYS01-USR01-2025-05-18-1122-F2551F.json as reviewed
2025-05-18T19:24:00.808230: Marked turn 9 in GRD-C37S-SYS01-USR01-2025-05-18-1122-F2551F.json as reviewed
2025-05-18T19:24:14.096526: Marked turn 10 in GRD-C37S-SYS01-USR01-2025-05-18-1122-F2551F.json as reviewed
2025-05-18T19:24:14.107209: Saved updates to GRD-C37S-SYS01-USR01-2025-05-18-1122-F2551F.json
2025-05-18T19:25:03.489542: Flagged turn 1 in GRD-C37S-SYS01-USR01-2025-05-18-1123-6FD913.json with note: long reply want to read it
2025-05-18T19:25:06.761607: Marked turn 2 in GRD-C37S-SYS01-USR01-2025-05-18-1123-6FD913.json as reviewed
2025-05-19T00:35:11.960531: Marked turn 3 in GRD-C37S-SYS01-USR01-2025-05-18-1123-6FD913.json as reviewed
2025-05-19T00:35:18.960077: Marked turn 4 in GRD-C37S-SYS01-USR01-2025-05-18-1123-6FD913.json as reviewed
2025-05-19T00:35:21.273507: Marked turn 5 in GRD-C37S-SYS01-USR01-2025-05-18-1123-6FD913.json as reviewed
2025-05-19T00:35:28.016457: Marked turn 6 in GRD-C37S-SYS01-USR01-2025-05-18-1123-6FD913.json as reviewed
2025-05-19T00:35:32.873923: Marked turn 7 in GRD-C37S-SYS01-USR01-2025-05-18-1123-6FD913.json as reviewed
2025-05-19T00:35:37.864490: Marked turn 8 in GRD-C37S-SYS01-USR01-2025-05-18-1123-6FD913.json as reviewed
2025-05-19T00:35:41.391923: Marked turn 9 in GRD-C37S-SYS01-USR01-2025-05-18-1123-6FD913.json as reviewed
2025-05-19T00:35:45.706723: Marked turn 10 in GRD-C37S-SYS01-USR01-2025-05-18-1123-6FD913.json as reviewed
2025-05-19T00:35:45.719413: Saved updates to GRD-C37S-SYS01-USR01-2025-05-18-1123-6FD913.json
